2022-08-19 08:46:33.314 -06:00 [Debug] (Microsoft.AspNetCore.Mvc.ModelBinding.ModelBinderFactory) Registered model binder providers, in the following order: ["Microsoft.AspNetCore.Mvc.ModelBinding.Binders.BinderTypeModelBinderProvider", "Microsoft.AspNetCore.Mvc.ModelBinding.Binders.ServicesModelBinderProvider", "Microsoft.AspNetCore.Mvc.ModelBinding.Binders.BodyModelBinderProvider", "Microsoft.AspNetCore.Mvc.ModelBinding.Binders.HeaderModelBinderProvider", "Microsoft.AspNetCore.Mvc.ModelBinding.Binders.FloatingPointTypeModelBinderProvider", "Microsoft.AspNetCore.Mvc.ModelBinding.Binders.EnumTypeModelBinderProvider", "Microsoft.AspNetCore.Mvc.ModelBinding.Binders.DateTimeModelBinderProvider", "Microsoft.AspNetCore.Mvc.ModelBinding.Binders.SimpleTypeModelBinderProvider", "Microsoft.AspNetCore.Mvc.ModelBinding.Binders.CancellationTokenModelBinderProvider", "Microsoft.AspNetCore.Mvc.ModelBinding.Binders.ByteArrayModelBinderProvider", "Microsoft.AspNetCore.Mvc.ModelBinding.Binders.FormFileModelBinderProvider", "Microsoft.AspNetCore.Mvc.ModelBinding.Binders.FormCollectionModelBinderProvider", "Microsoft.AspNetCore.Mvc.ModelBinding.Binders.KeyValuePairModelBinderProvider", "Microsoft.AspNetCore.Mvc.ModelBinding.Binders.DictionaryModelBinderProvider", "Microsoft.AspNetCore.Mvc.ModelBinding.Binders.ArrayModelBinderProvider", "Microsoft.AspNetCore.Mvc.ModelBinding.Binders.CollectionModelBinderProvider", "Microsoft.AspNetCore.Mvc.ModelBinding.Binders.ComplexObjectModelBinderProvider"]
2022-08-19 08:46:33.391 -06:00 [Debug] (Microsoft.AspNetCore.SignalR.Internal.DefaultHubProtocolResolver) Registered SignalR Protocol: "json", implemented by "Microsoft.AspNetCore.SignalR.Protocol.JsonHubProtocol".
2022-08-19 08:46:33.397 -06:00 [Information] (Program) Starting GameHook version 2022.8.16.1+64f82e79.
2022-08-19 08:46:33.415 -06:00 [Debug] (Microsoft.Extensions.Hosting.Internal.Host) Hosting starting
2022-08-19 08:46:33.443 -06:00 [Information] (Microsoft.Hosting.Lifetime) Now listening on: "http://localhost:8085"
2022-08-19 08:46:33.443 -06:00 [Debug] (Microsoft.AspNetCore.Hosting.Diagnostics) Loaded hosting startup assembly "GameHook.WPF"
2022-08-19 08:46:33.443 -06:00 [Information] (Microsoft.Hosting.Lifetime) Application started. Press Ctrl+C to shut down.
2022-08-19 08:46:33.443 -06:00 [Information] (Microsoft.Hosting.Lifetime) Hosting environment: "Production"
2022-08-19 08:46:33.444 -06:00 [Information] (Microsoft.Hosting.Lifetime) Content root path: "F:\Dropbox\stp-projects\programs\mappers\"
2022-08-19 08:46:33.445 -06:00 [Debug] (Microsoft.Extensions.Hosting.Internal.Host) Hosting started
2022-08-19 08:46:33.445 -06:00 [Information] (Program) GameHook is now online. Accessible via: http://localhost:8085
2022-08-19 08:46:33.445 -06:00 [Information] (Program) Navigate to the above URL in order to access the Web UI.
2022-08-19 08:46:33.575 -06:00 [Debug] (Microsoft.AspNetCore.Server.Kestrel.Connections) Connection id ""0HMK1U6E4PPN3"" accepted.
2022-08-19 08:46:33.575 -06:00 [Debug] (Microsoft.AspNetCore.Server.Kestrel.Connections) Connection id ""0HMK1U6E4PPN3"" started.
2022-08-19 08:46:33.576 -06:00 [Debug] (Microsoft.AspNetCore.Server.Kestrel.Connections) Connection id ""0HMK1U6E4PPN4"" accepted.
2022-08-19 08:46:33.577 -06:00 [Debug] (Microsoft.AspNetCore.Server.Kestrel.Connections) Connection id ""0HMK1U6E4PPN4"" started.
2022-08-19 08:46:33.598 -06:00 [Information] (Microsoft.AspNetCore.Hosting.Diagnostics) Request starting HTTP/1.1 GET http://localhost:8085/ - -
2022-08-19 08:46:33.600 -06:00 [Debug] (Microsoft.AspNetCore.HostFiltering.HostFilteringMiddleware) Wildcard detected, all requests with hosts will be allowed.
2022-08-19 08:46:33.616 -06:00 [Debug] (Microsoft.AspNetCore.Server.Kestrel.Connections) Connection id ""0HMK1U6E4PPN5"" accepted.
2022-08-19 08:46:33.616 -06:00 [Debug] (Microsoft.AspNetCore.Server.Kestrel.Connections) Connection id ""0HMK1U6E4PPN5"" started.
2022-08-19 08:46:33.622 -06:00 [Debug] (Microsoft.AspNetCore.Routing.Matching.DfaMatcher) 1 candidate(s) found for the request path '"/"'
2022-08-19 08:46:33.623 -06:00 [Debug] (Microsoft.AspNetCore.Routing.EndpointRoutingMiddleware) Request matched endpoint '"HTTP: GET /"'
2022-08-19 08:46:33.634 -06:00 [Debug] (Microsoft.AspNetCore.StaticFiles.StaticFileMiddleware) Static files was skipped as the request already matched an endpoint.
2022-08-19 08:46:33.635 -06:00 [Information] (Microsoft.AspNetCore.Routing.EndpointMiddleware) Executing endpoint '"HTTP: GET /"'
2022-08-19 08:46:33.644 -06:00 [Information] (Microsoft.AspNetCore.Http.Result.FileStreamResult) Executing "FileStreamResult", sending file with download name '""'.
2022-08-19 08:46:33.645 -06:00 [Debug] (Microsoft.AspNetCore.Http.Result.FileStreamResult) The file result has not been enabled for processing range requests. To enable it, set the EnableRangeProcessing property on the result to 'true'.
2022-08-19 08:46:33.655 -06:00 [Information] (Microsoft.AspNetCore.Routing.EndpointMiddleware) Executed endpoint '"HTTP: GET /"'
2022-08-19 08:46:33.656 -06:00 [Debug] (Microsoft.AspNetCore.Server.Kestrel.Connections) Connection id ""0HMK1U6E4PPN4"" completed keep alive response.
2022-08-19 08:46:33.657 -06:00 [Information] (Microsoft.AspNetCore.Hosting.Diagnostics) Request finished HTTP/1.1 GET http://localhost:8085/ - - - 200 39324 text/html 59.3918ms
2022-08-19 08:46:33.668 -06:00 [Information] (Microsoft.AspNetCore.Hosting.Diagnostics) Request starting HTTP/1.1 GET http://localhost:8085/dist/gameHookMapperClient.js - -
2022-08-19 08:46:33.669 -06:00 [Debug] (Microsoft.AspNetCore.Routing.Matching.DfaMatcher) 1 candidate(s) found for the request path '"/dist/gameHookMapperClient.js"'
2022-08-19 08:46:33.670 -06:00 [Debug] (Microsoft.AspNetCore.Routing.EndpointRoutingMiddleware) Request matched endpoint '"HTTP: GET /dist/gameHookMapperClient.js"'
2022-08-19 08:46:33.670 -06:00 [Information] (Microsoft.AspNetCore.Hosting.Diagnostics) Request starting HTTP/1.1 GET http://localhost:8085/site.css - -
2022-08-19 08:46:33.670 -06:00 [Debug] (Microsoft.AspNetCore.StaticFiles.StaticFileMiddleware) Static files was skipped as the request already matched an endpoint.
2022-08-19 08:46:33.670 -06:00 [Debug] (Microsoft.AspNetCore.Routing.Matching.DfaMatcher) 1 candidate(s) found for the request path '"/site.css"'
2022-08-19 08:46:33.670 -06:00 [Information] (Microsoft.AspNetCore.Routing.EndpointMiddleware) Executing endpoint '"HTTP: GET /dist/gameHookMapperClient.js"'
2022-08-19 08:46:33.670 -06:00 [Debug] (Microsoft.AspNetCore.Routing.EndpointRoutingMiddleware) Request matched endpoint '"HTTP: GET /site.css"'
2022-08-19 08:46:33.670 -06:00 [Information] (Microsoft.AspNetCore.Http.Result.FileStreamResult) Executing "FileStreamResult", sending file with download name '""'.
2022-08-19 08:46:33.671 -06:00 [Debug] (Microsoft.AspNetCore.Http.Result.FileStreamResult) The file result has not been enabled for processing range requests. To enable it, set the EnableRangeProcessing property on the result to 'true'.
2022-08-19 08:46:33.671 -06:00 [Information] (Microsoft.AspNetCore.Routing.EndpointMiddleware) Executed endpoint '"HTTP: GET /dist/gameHookMapperClient.js"'
2022-08-19 08:46:33.671 -06:00 [Debug] (Microsoft.AspNetCore.StaticFiles.StaticFileMiddleware) Static files was skipped as the request already matched an endpoint.
2022-08-19 08:46:33.671 -06:00 [Information] (Microsoft.AspNetCore.Routing.EndpointMiddleware) Executing endpoint '"HTTP: GET /site.css"'
2022-08-19 08:46:33.671 -06:00 [Debug] (Microsoft.AspNetCore.Server.Kestrel.Connections) Connection id ""0HMK1U6E4PPN3"" completed keep alive response.
2022-08-19 08:46:33.671 -06:00 [Information] (Microsoft.AspNetCore.Http.Result.FileStreamResult) Executing "FileStreamResult", sending file with download name '""'.
2022-08-19 08:46:33.671 -06:00 [Debug] (Microsoft.AspNetCore.Http.Result.FileStreamResult) The file result has not been enabled for processing range requests. To enable it, set the EnableRangeProcessing property on the result to 'true'.
2022-08-19 08:46:33.671 -06:00 [Information] (Microsoft.AspNetCore.Hosting.Diagnostics) Request finished HTTP/1.1 GET http://localhost:8085/dist/gameHookMapperClient.js - - - 200 10469 application/javascript 2.8466ms
2022-08-19 08:46:33.671 -06:00 [Information] (Microsoft.AspNetCore.Routing.EndpointMiddleware) Executed endpoint '"HTTP: GET /site.css"'
2022-08-19 08:46:33.672 -06:00 [Debug] (Microsoft.AspNetCore.Server.Kestrel.Connections) Connection id ""0HMK1U6E4PPN4"" completed keep alive response.
2022-08-19 08:46:33.672 -06:00 [Information] (Microsoft.AspNetCore.Hosting.Diagnostics) Request finished HTTP/1.1 GET http://localhost:8085/site.css - - - 200 5060 text/css 1.7468ms
2022-08-19 08:46:33.705 -06:00 [Information] (Microsoft.AspNetCore.Hosting.Diagnostics) Request starting HTTP/1.1 POST http://localhost:8085/updates/negotiate?negotiateVersion=1 text/plain;charset=UTF-8 0
2022-08-19 08:46:33.706 -06:00 [Debug] (Microsoft.AspNetCore.Routing.Matching.DfaMatcher) 1 candidate(s) found for the request path '"/updates/negotiate"'
2022-08-19 08:46:33.706 -06:00 [Debug] (Microsoft.AspNetCore.Routing.EndpointRoutingMiddleware) Request matched endpoint '"/updates/negotiate"'
2022-08-19 08:46:33.706 -06:00 [Debug] (Microsoft.AspNetCore.Cors.Infrastructure.CorsService) The request has an origin header: '"http://localhost:8085"'.
2022-08-19 08:46:33.707 -06:00 [Information] (Microsoft.AspNetCore.Cors.Infrastructure.CorsService) CORS policy execution successful.
2022-08-19 08:46:33.707 -06:00 [Debug] (Microsoft.AspNetCore.StaticFiles.StaticFileMiddleware) Static files was skipped as the request already matched an endpoint.
2022-08-19 08:46:33.707 -06:00 [Information] (Microsoft.AspNetCore.Routing.EndpointMiddleware) Executing endpoint '"/updates/negotiate"'
2022-08-19 08:46:33.727 -06:00 [Debug] (Microsoft.AspNetCore.Http.Connections.Internal.HttpConnectionManager) New connection "3lvlCXsOPYG1A6B9WON6lw" created.
2022-08-19 08:46:33.731 -06:00 [Debug] (Microsoft.AspNetCore.Http.Connections.Internal.HttpConnectionDispatcher) Sending negotiation response.
2022-08-19 08:46:33.732 -06:00 [Information] (Microsoft.AspNetCore.Routing.EndpointMiddleware) Executed endpoint '"/updates/negotiate"'
2022-08-19 08:46:33.732 -06:00 [Debug] (Microsoft.AspNetCore.Server.Kestrel.Connections) Connection id ""0HMK1U6E4PPN4"" completed keep alive response.
2022-08-19 08:46:33.732 -06:00 [Information] (Microsoft.AspNetCore.Hosting.Diagnostics) Request finished HTTP/1.1 POST http://localhost:8085/updates/negotiate?negotiateVersion=1 text/plain;charset=UTF-8 0 - 200 316 application/json 27.5180ms
2022-08-19 08:46:33.735 -06:00 [Debug] (Microsoft.AspNetCore.Server.Kestrel.Connections) Connection id ""0HMK1U6E4PPN6"" accepted.
2022-08-19 08:46:33.735 -06:00 [Debug] (Microsoft.AspNetCore.Server.Kestrel.Connections) Connection id ""0HMK1U6E4PPN6"" started.
2022-08-19 08:46:33.736 -06:00 [Information] (Microsoft.AspNetCore.Hosting.Diagnostics) Request starting HTTP/1.1 GET http://localhost:8085/updates?id=1mqpaj3YrSEzH2m9SzI7fA - -
2022-08-19 08:46:33.736 -06:00 [Debug] (Microsoft.AspNetCore.Routing.Matching.DfaMatcher) 1 candidate(s) found for the request path '"/updates"'
2022-08-19 08:46:33.736 -06:00 [Debug] (Microsoft.AspNetCore.Routing.EndpointRoutingMiddleware) Request matched endpoint '"/updates"'
2022-08-19 08:46:33.736 -06:00 [Debug] (Microsoft.AspNetCore.Cors.Infrastructure.CorsService) The request has an origin header: '"http://localhost:8085"'.
2022-08-19 08:46:33.736 -06:00 [Information] (Microsoft.AspNetCore.Cors.Infrastructure.CorsService) CORS policy execution successful.
2022-08-19 08:46:33.736 -06:00 [Debug] (Microsoft.AspNetCore.StaticFiles.StaticFileMiddleware) Static files was skipped as the request already matched an endpoint.
2022-08-19 08:46:33.736 -06:00 [Information] (Microsoft.AspNetCore.Routing.EndpointMiddleware) Executing endpoint '"/updates"'
2022-08-19 08:46:33.740 -06:00 [Debug] (Microsoft.AspNetCore.Http.Connections.Internal.HttpConnectionDispatcher) Establishing new connection.
2022-08-19 08:46:33.742 -06:00 [Debug] (Microsoft.AspNetCore.SignalR.HubConnectionHandler) OnConnectedAsync started.
2022-08-19 08:46:33.744 -06:00 [Debug] (Microsoft.AspNetCore.Http.Connections.Internal.Transports.WebSocketsTransport) Socket opened using Sub-Protocol: 'null'.
2022-08-19 08:46:33.749 -06:00 [Debug] (Microsoft.AspNetCore.SignalR.Internal.DefaultHubProtocolResolver) Found protocol implementation for requested protocol: "json".
2022-08-19 08:46:33.750 -06:00 [Debug] (Microsoft.AspNetCore.SignalR.HubConnectionContext) Completed connection handshake. Using HubProtocol '"json"'.
2022-08-19 08:46:33.757 -06:00 [Information] (Microsoft.AspNetCore.Hosting.Diagnostics) Request starting HTTP/1.1 GET http://localhost:8085/mapper - -
2022-08-19 08:46:33.757 -06:00 [Debug] (Microsoft.AspNetCore.Routing.Matching.DfaMatcher) 1 candidate(s) found for the request path '"/mapper"'
2022-08-19 08:46:33.760 -06:00 [Debug] (Microsoft.AspNetCore.Routing.Matching.DfaMatcher) Endpoint '"GameHook.WebAPI.Controllers.MapperController.GetMapper (GameHook.WebAPI)"' with route pattern '"mapper"' is valid for the request path '"/mapper"'
2022-08-19 08:46:33.760 -06:00 [Debug] (Microsoft.AspNetCore.Routing.EndpointRoutingMiddleware) Request matched endpoint '"GameHook.WebAPI.Controllers.MapperController.GetMapper (GameHook.WebAPI)"'
2022-08-19 08:46:33.760 -06:00 [Debug] (Microsoft.AspNetCore.StaticFiles.StaticFileMiddleware) Static files was skipped as the request already matched an endpoint.
2022-08-19 08:46:33.761 -06:00 [Information] (Microsoft.AspNetCore.Routing.EndpointMiddleware) Executing endpoint '"GameHook.WebAPI.Controllers.MapperController.GetMapper (GameHook.WebAPI)"'
2022-08-19 08:46:33.766 -06:00 [Information] (Microsoft.AspNetCore.Mvc.Infrastructure.ControllerActionInvoker) Route matched with "{action = \"GetMapper\", controller = \"Mapper\"}". Executing controller action with signature "Microsoft.AspNetCore.Mvc.ActionResult`1[GameHook.WebAPI.Controllers.MapperModel] GetMapper()" on controller "GameHook.WebAPI.Controllers.MapperController" ("GameHook.WebAPI").
2022-08-19 08:46:33.767 -06:00 [Debug] (Microsoft.AspNetCore.Mvc.Infrastructure.ControllerActionInvoker) Execution plan of "authorization" filters (in the following order): ["None"]
2022-08-19 08:46:33.767 -06:00 [Debug] (Microsoft.AspNetCore.Mvc.Infrastructure.ControllerActionInvoker) Execution plan of "resource" filters (in the following order): ["Microsoft.AspNetCore.Mvc.ConsumesAttribute"]
2022-08-19 08:46:33.767 -06:00 [Debug] (Microsoft.AspNetCore.Mvc.Infrastructure.ControllerActionInvoker) Execution plan of "action" filters (in the following order): ["Microsoft.AspNetCore.Mvc.ModelBinding.UnsupportedContentTypeFilter (Order: -3000)", "Microsoft.AspNetCore.Mvc.Infrastructure.ModelStateInvalidFilter (Order: -2000)"]
2022-08-19 08:46:33.767 -06:00 [Debug] (Microsoft.AspNetCore.Mvc.Infrastructure.ControllerActionInvoker) Execution plan of "exception" filters (in the following order): ["None"]
2022-08-19 08:46:33.768 -06:00 [Debug] (Microsoft.AspNetCore.Mvc.Infrastructure.ControllerActionInvoker) Execution plan of "result" filters (in the following order): ["Hellang.Middleware.ProblemDetails.Mvc.ProblemDetailsResultFilter (Order: 1)", "Microsoft.AspNetCore.Mvc.ProducesAttribute (Order: 0)"]
2022-08-19 08:46:33.768 -06:00 [Debug] (Microsoft.AspNetCore.Mvc.Infrastructure.ControllerActionInvoker) Executing controller factory for controller "GameHook.WebAPI.Controllers.MapperController" ("GameHook.WebAPI")
2022-08-19 08:46:33.774 -06:00 [Debug] (Microsoft.AspNetCore.Mvc.Infrastructure.ControllerActionInvoker) Executed controller factory for controller "GameHook.WebAPI.Controllers.MapperController" ("GameHook.WebAPI")
2022-08-19 08:46:33.775 -06:00 [Debug] (Microsoft.AspNetCore.Mvc.Infrastructure.DefaultOutputFormatterSelector) List of registered output formatters, in the following order: ["Microsoft.AspNetCore.Mvc.Formatters.HttpNoContentOutputFormatter", "Microsoft.AspNetCore.Mvc.Formatters.StringOutputFormatter", "Microsoft.AspNetCore.Mvc.Formatters.StreamOutputFormatter", "Microsoft.AspNetCore.Mvc.Formatters.SystemTextJsonOutputFormatter"]
2022-08-19 08:46:33.776 -06:00 [Debug] (Microsoft.AspNetCore.Mvc.Infrastructure.DefaultOutputFormatterSelector) No information found on request to perform content negotiation.
2022-08-19 08:46:33.777 -06:00 [Debug] (Microsoft.AspNetCore.Mvc.Infrastructure.DefaultOutputFormatterSelector) Attempting to select the first output formatter in the output formatters list which supports a content type from the explicitly specified content types '["application/json", "application/problem+json", "application/problem+xml"]'.
2022-08-19 08:46:33.777 -06:00 [Debug] (Microsoft.AspNetCore.Mvc.Infrastructure.DefaultOutputFormatterSelector) Selected output formatter '"Microsoft.AspNetCore.Mvc.Formatters.SystemTextJsonOutputFormatter"' and content type '"application/json"' to write the response.
2022-08-19 08:46:33.777 -06:00 [Information] (Microsoft.AspNetCore.Mvc.Infrastructure.ObjectResultExecutor) Executing "ObjectResult", writing value of type '"Microsoft.AspNetCore.Mvc.ProblemDetails"'.
2022-08-19 08:46:33.782 -06:00 [Information] (Microsoft.AspNetCore.Mvc.Infrastructure.ControllerActionInvoker) Executed action "GameHook.WebAPI.Controllers.MapperController.GetMapper (GameHook.WebAPI)" in 11.5919ms
2022-08-19 08:46:33.782 -06:00 [Information] (Microsoft.AspNetCore.Routing.EndpointMiddleware) Executed endpoint '"GameHook.WebAPI.Controllers.MapperController.GetMapper (GameHook.WebAPI)"'
2022-08-19 08:46:33.783 -06:00 [Debug] (Microsoft.AspNetCore.Server.Kestrel.Connections) Connection id ""0HMK1U6E4PPN4"" completed keep alive response.
2022-08-19 08:46:33.783 -06:00 [Information] (Microsoft.AspNetCore.Hosting.Diagnostics) Request finished HTTP/1.1 GET http://localhost:8085/mapper - - - 400 - application/json;+charset=utf-8 25.5221ms
2022-08-19 08:46:34.129 -06:00 [Debug] (Microsoft.AspNetCore.Server.Kestrel.Transport.Sockets) Connection id ""0HMK1U6E4PPN6"" received FIN.
2022-08-19 08:46:34.130 -06:00 [Debug] (Microsoft.AspNetCore.Server.Kestrel.Transport.Sockets) Connection id ""0HMK1U6E4PPN6"" sending FIN because: ""The client closed the connection.""
2022-08-19 08:46:34.131 -06:00 [Debug] (Microsoft.AspNetCore.Server.Kestrel.Connections) Connection id ""0HMK1U6E4PPN6"" disconnecting.
2022-08-19 08:46:34.132 -06:00 [Debug] (Microsoft.AspNetCore.Http.Connections.Internal.Transports.WebSocketsTransport) Waiting for the application to finish sending data.
2022-08-19 08:46:34.133 -06:00 [Debug] (Microsoft.AspNetCore.Http.Connections.Internal.Transports.WebSocketsTransport) Socket closed.
2022-08-19 08:46:34.134 -06:00 [Debug] (Microsoft.AspNetCore.SignalR.HubConnectionHandler) OnConnectedAsync ending.
2022-08-19 08:46:34.137 -06:00 [Debug] (Microsoft.AspNetCore.Http.Connections.Internal.HttpConnectionManager) Removing connection "1mqpaj3YrSEzH2m9SzI7fA" from the list of connections.
2022-08-19 08:46:34.138 -06:00 [Information] (Microsoft.AspNetCore.Routing.EndpointMiddleware) Executed endpoint '"/updates"'
2022-08-19 08:46:34.139 -06:00 [Information] (Microsoft.AspNetCore.Hosting.Diagnostics) Request finished HTTP/1.1 GET http://localhost:8085/updates?id=1mqpaj3YrSEzH2m9SzI7fA - - - 101 - - 403.0109ms
2022-08-19 08:46:34.140 -06:00 [Debug] (Microsoft.AspNetCore.Server.Kestrel.Connections) Connection id ""0HMK1U6E4PPN6"" stopped.
